#
# There is insufficient memory for the Java Runtime Environment to continue.
# Native memory allocation (mmap) failed to map 67108864 bytes for Failed to commit area from 0x00000000c1800000 to 0x00000000c5800000 of length 67108864.
# Possible reasons:
#   The system is out of physical RAM or swap space
#   The process is running with CompressedOops enabled, and the Java Heap may be blocking the growth of the native heap
# Possible solutions:
#   Reduce memory load on the system
#   Increase physical memory or swap space
#   Check if swap backing store is full
#   Decrease Java heap size (-Xmx/-Xms)
#   Decrease number of Java threads
#   Decrease Java thread stack sizes (-Xss)
#   Set larger code cache with -XX:ReservedCodeCacheSize=
# This output file may be truncated or incomplete.
#
#  Out of Memory Error (./open/src/hotspot/os/windows/os_windows.cpp:3273), pid=12916, tid=6964
#
# JRE version:  (11.0.11+9) (build )
# Java VM: Java HotSpot(TM) 64-Bit Server VM (11.0.11+9-LTS-194, mixed mode, sharing, tiered, compressed oops, g1 gc, windows-amd64)
# No core dump will be written. Minidumps are not enabled by default on client versions of Windows
#

---------------  S U M M A R Y ------------

Command Line: -Dfile.encoding=UTF-8 com.company.XpathByAttribute

Host: Intel(R) Core(TM) i3-4005U CPU @ 1.70GHz, 4 cores, 3G,  Windows 10 , 64 bit Build 18362 (10.0.18362.329)
Time: Mon Sep  6 20:33:34 2021 India Standard Time elapsed time: 0.071985 seconds (0d 0h 0m 0s)

---------------  T H R E A D  ---------------

Current thread (0x0000016fa8e28000):  JavaThread "Unknown thread" [_thread_in_vm, id=6964, stack(0x00000011f6800000,0x00000011f6900000)]

Stack: [0x00000011f6800000,0x00000011f6900000]
Native frames: (J=compiled Java code, j=interpreted, Vv=VM code, C=native code)
V  [jvm.dll+0x616f2a]
V  [jvm.dll+0x74de7f]
V  [jvm.dll+0x74f505]
V  [jvm.dll+0x74fb83]
V  [jvm.dll+0x2436d8]
V  [jvm.dll+0x61431a]
V  [jvm.dll+0x6090f5]
V  [jvm.dll+0x2f7eec]
V  [jvm.dll+0x2f7d72]
V  [jvm.dll+0x2fca26]
V  [jvm.dll+0x33efef]
V  [jvm.dll+0x33ea20]
V  [jvm.dll+0x2d5608]
V  [jvm.dll+0x2d6766]
V  [jvm.dll+0x7299e7]
V  [jvm.dll+0x72b28f]
V  [jvm.dll+0x34bd39]
V  [jvm.dll+0x70f360]
V  [jvm.dll+0x3b50df]
V  [jvm.dll+0x3b71e1]
C  [jli.dll+0x520b]
C  [ucrtbase.dll+0x20e72]
C  [KERNEL32.DLL+0x17bd4]
C  [ntdll.dll+0x6ced1]


---------------  P R O C E S S  ---------------

Threads class SMR info:
_java_thread_list=0x0000016fa6c939c0, length=0, elements={
}

Java Threads: ( => current thread )

Other Threads:
  0x0000016fa8e3d800 GCTaskThread "GC Thread#0" [stack: 0x00000011f6900000,0x00000011f6a00000] [id=12564]
  0x0000016fa8e58800 ConcurrentGCThread "G1 Main Marker" [stack: 0x00000011f6a00000,0x00000011f6b00000] [id=12712]
  0x0000016fa8e5a000 ConcurrentGCThread "G1 Conc#0" [stack: 0x00000011f6b00000,0x00000011f6c00000] [id=6500]

[error occurred during error reporting (printing all threads), id 0xc0000005, EXCEPTION_ACCESS_VIOLATION (0xc0000005) at pc=0x00007ff8f5cd4857]

VM state:not at safepoint (not fully initialized)

VM Mutex/Monitor currently owned by a thread:  ([mutex/lock_event])
[0x0000016fa8e25a00] Heap_lock - owner thread: 0x0000016fa8e28000

Heap address: 0x00000000c1800000, size: 1000 MB, Compressed Oops mode: Non-zero based: 0x00000000c1800000
Narrow klass base: 0x0000000000000000, Narrow klass shift: 0

GC Heap History (0 events):
No events

Deoptimization events (0 events):
No events

Classes redefined (0 events):
No events

Internal exceptions (0 events):
No events

Events (0 events):
No events


Dynamic libraries:
0x00007ff68b7a0000 - 0x00007ff68b7af000 	C:\Program Files\Java\jdk-11.0.11\bin\javaw.exe
0x00007ff94d7e0000 - 0x00007ff94d9d0000 	C:\Windows\SYSTEM32\ntdll.dll
0x00007ff94d3f0000 - 0x00007ff94d4a2000 	C:\Windows\System32\KERNEL32.DLL
0x00007ff94b530000 - 0x00007ff94b7d3000 	C:\Windows\System32\KERNELBASE.dll
0x00007ff94b430000 - 0x00007ff94b52a000 	C:\Windows\System32\ucrtbase.dll
0x00007ff943e10000 - 0x00007ff943e28000 	C:\Program Files\Java\jdk-11.0.11\bin\jli.dll
0x00007ff94c580000 - 0x00007ff94c623000 	C:\Windows\System32\ADVAPI32.dll
0x00007ff94b9c0000 - 0x00007ff94ba5e000 	C:\Windows\System32\msvcrt.dll
0x00007ff94d350000 - 0x00007ff94d3e7000 	C:\Windows\System32\sechost.dll
0x00007ff94bda0000 - 0x00007ff94bec0000 	C:\Windows\System32\RPCRT4.dll
0x00007ff94c6e0000 - 0x00007ff94c874000 	C:\Windows\System32\USER32.dll
0x00007ff94a770000 - 0x00007ff94a791000 	C:\Windows\System32\win32u.dll
0x00007ff94c990000 - 0x00007ff94c9b6000 	C:\Windows\System32\GDI32.dll
0x00007ff94b290000 - 0x00007ff94b424000 	C:\Windows\System32\gdi32full.dll
0x00007ff94a920000 - 0x00007ff94a9be000 	C:\Windows\System32\msvcp_win.dll
0x00007ff943de0000 - 0x00007ff943df5000 	C:\Program Files\Java\jdk-11.0.11\bin\VCRUNTIME140.dll
0x00007ff93d000000 - 0x00007ff93d285000 	C:\Windows\WinSxS\amd64_microsoft.windows.common-controls_6595b64144ccf1df_6.0.18362.418_none_e6c6b287130d565d\COMCTL32.dll
0x00007ff94ba60000 - 0x00007ff94bd96000 	C:\Windows\System32\combase.dll
0x00007ff940b80000 - 0x00007ff940b8a000 	C:\Windows\SYSTEM32\VERSION.dll
0x00007ff94a9c0000 - 0x00007ff94aa40000 	C:\Windows\System32\bcryptPrimitives.dll
0x00007ff94ca70000 - 0x00007ff94ca9e000 	C:\Windows\System32\IMM32.DLL
0x00007ff927580000 - 0x00007ff92761b000 	C:\Program Files\Java\jdk-11.0.11\bin\msvcp140.dll
0x00007ff8f59f0000 - 0x00007ff8f64ee000 	C:\Program Files\Java\jdk-11.0.11\bin\server\jvm.dll
0x00007ff94bec0000 - 0x00007ff94bec8000 	C:\Windows\System32\PSAPI.DLL
0x00007ff948660000 - 0x00007ff948684000 	C:\Windows\SYSTEM32\WINMM.dll
0x00007ff947060000 - 0x00007ff947069000 	C:\Windows\SYSTEM32\WSOCK32.dll
0x00007ff948290000 - 0x00007ff9482bd000 	C:\Windows\SYSTEM32\WINMMBASE.dll
0x00007ff94b220000 - 0x00007ff94b26a000 	C:\Windows\System32\cfgmgr32.dll
0x00007ff94d730000 - 0x00007ff94d79f000 	C:\Windows\System32\WS2_32.dll
0x00007ff94a730000 - 0x00007ff94a741000 	C:\Windows\System32\kernel.appcore.dll
0x00007ff945ce0000 - 0x00007ff945cf0000 	C:\Program Files\Java\jdk-11.0.11\bin\verify.dll
0x00007ff938290000 - 0x00007ff938484000 	C:\Windows\SYSTEM32\DBGHELP.DLL
0x00007ff937e80000 - 0x00007ff937eaa000 	C:\Windows\SYSTEM32\dbgcore.DLL
0x00007ff936170000 - 0x00007ff936198000 	C:\Program Files\Java\jdk-11.0.11\bin\java.dll
0x00007ff93be10000 - 0x00007ff93be1a000 	C:\Program Files\Java\jdk-11.0.11\bin\jimage.dll
0x00007ff93bde0000 - 0x00007ff93bdf6000 	C:\Program Files\Java\jdk-11.0.11\bin\zip.dll

dbghelp: loaded successfully - version: 4.0.5 - missing functions: none
symbol engine: initialized successfully - sym options: 0x614 - pdb path: .;C:\Program Files\Java\jdk-11.0.11\bin;C:\Windows\SYSTEM32;C:\Windows\WinSxS\amd64_microsoft.windows.common-controls_6595b64144ccf1df_6.0.18362.418_none_e6c6b287130d565d;C:\Program Files\Java\jdk-11.0.11\bin\server

VM Arguments:
jvm_args: -Dfile.encoding=UTF-8 
java_command: com.company.XpathByAttribute
java_class_path (initial): C:\Users\Shweta\eclipse-workspace\SeleniumBasics\target\test-classes;C:\Users\Shweta\eclipse-workspace\SeleniumBasics\target\classes;C:\Users\Shweta\.m2\repository\org\seleniumhq\selenium\selenium-java\3.141.59\selenium-java-3.141.59.jar;C:\Users\Shweta\.m2\repository\org\seleniumhq\selenium\selenium-api\3.141.59\selenium-api-3.141.59.jar;C:\Users\Shweta\.m2\repository\org\seleniumhq\selenium\selenium-chrome-driver\3.141.59\selenium-chrome-driver-3.141.59.jar;C:\Users\Shweta\.m2\repository\org\seleniumhq\selenium\selenium-edge-driver\3.141.59\selenium-edge-driver-3.141.59.jar;C:\Users\Shweta\.m2\repository\org\seleniumhq\selenium\selenium-firefox-driver\3.141.59\selenium-firefox-driver-3.141.59.jar;C:\Users\Shweta\.m2\repository\org\seleniumhq\selenium\selenium-ie-driver\3.141.59\selenium-ie-driver-3.141.59.jar;C:\Users\Shweta\.m2\repository\org\seleniumhq\selenium\selenium-opera-driver\3.141.59\selenium-opera-driver-3.141.59.jar;C:\Users\Shweta\.m2\repository\org\seleniumhq\selenium\selenium-remote-driver\3.141.59\selenium-remote-driver-3.141.59.jar;C:\Users\Shweta\.m2\repository\org\seleniumhq\selenium\selenium-safari-driver\3.141.59\selenium-safari-driver-3.141.59.jar;C:\Users\Shweta\.m2\repository\org\seleniumhq\selenium\selenium-support\3.141.59\selenium-support-3.141.59.jar;C:\Users\Shweta\.m2\repository\net\bytebuddy\byte-buddy\1.8.15\byte-buddy-1.8.15.jar;C:\Users\Shweta\.m2\repository\org\apache\commons\commons-exec\1.3\commons-exec-1.3.jar;C:\Users\Shweta\.m2\repository\com\google\guava\guava\25.0-jre\guava-25.0-jre.jar;C:\Users\Shweta\.m2\repository\com\google\code\findbugs\jsr305\1.3.9\jsr305-1.3.9.jar;C:\Users\Shweta\.m2\repository\org\checkerframework\checker-compat-qual\2.0.0\checker-compat-qual-2.0.0.jar;C:\Users\Shweta\.m2\repository\com\google\errorprone\error_prone_annotations\2.1.3\error_prone_annotations-2.1.3.jar;C:\Users\Shweta\.m2\repository\com\google\j2objc\j2objc-annotations\1.1\j2objc-annotations-1.1.jar;C:\Us
Launcher Type: SUN_STANDARD

[Global flags]
     intx CICompilerCount                          = 3                                         {product} {ergonomic}
     uint ConcGCThreads                            = 1                                         {product} {ergonomic}
     uint G1ConcRefinementThreads                  = 4                                         {product} {ergonomic}
   size_t G1HeapRegionSize                         = 1048576                                   {product} {ergonomic}
    uintx GCDrainStackTargetSize                   = 64                                        {product} {ergonomic}
   size_t InitialHeapSize                          = 67108864                                  {product} {ergonomic}
   size_t MarkStackSize                            = 4194304                                   {product} {ergonomic}
   size_t MaxHeapSize                              = 1048576000                                {product} {ergonomic}
   size_t MinHeapDeltaBytes                        = 1048576                                   {product} {ergonomic}
    uintx NonNMethodCodeHeapSize                   = 5830732                                {pd product} {ergonomic}
    uintx NonProfiledCodeHeapSize                  = 122913754                              {pd product} {ergonomic}
    uintx ProfiledCodeHeapSize                     = 122913754                              {pd product} {ergonomic}
    uintx ReservedCodeCacheSize                    = 251658240                              {pd product} {ergonomic}
     bool SegmentedCodeCache                       = true                                      {product} {ergonomic}
     bool UseCompressedClassPointers               = true                                 {lp64_product} {ergonomic}
     bool UseCompressedOops                        = true                                 {lp64_product} {ergonomic}
     bool UseG1GC                                  = true                                      {product} {ergonomic}
     bool UseLargePagesIndividualAllocation        = false                                  {pd product} {ergonomic}

Logging:
Log output configuration:
 #0: stdout all=warning uptime,level,tags
 #1: stderr all=off uptime,level,tags

Environment Variables:
JAVA_HOME=C:\Program Files\Java\jdk-11.0.11
PATH=C:/Program Files/Java/jdk-11.0.11/bin/server;C:/Program Files/Java/jdk-11.0.11/bin;C:\Python39\Scripts\;C:\Python39\;C:\Windows\system32;C:\Windows;C:\Windows\System32\Wbem;C:\Windows\System32\WindowsPowerShell\v1.0\;C:\Windows\System32\OpenSSH\;C:\Program Files\Git\cmd;C:\Program Files\Java\jdk-11.0.11\bin;C:\ProgramData\chocolatey\bin;C:\Program Files\nodejs\;C:\Program Files\MySQL\MySQL Shell 8.0\bin\;C:\Users\Shweta\AppData\Local\Microsoft\WindowsApps;;C:\Program Files\JetBrains\IntelliJ IDEA Community Edition 2021.1.2\bin;;C:\Users\Shweta\AppData\Local\Programs\Microsoft VS Code\bin;C:\Users\Shweta\AppData\Roaming\npm;C:\Users\Shweta\eclipse\java-2021-03\eclipse;
USERNAME=Shweta
OS=Windows_NT
PROCESSOR_IDENTIFIER=Intel64 Family 6 Model 69 Stepping 1, GenuineIntel



---------------  S Y S T E M  ---------------

OS: Windows 10 , 64 bit Build 18362 (10.0.18362.329)

CPU:total 4 (initial active 4) (2 cores per cpu, 2 threads per core) family 6 model 69 stepping 1 microcode 0x24, cmov, cx8, fxsr, mmx, sse, sse2, sse3, ssse3, sse4.1, sse4.2, popcnt, avx, avx2, aes, clmul, erms, lzcnt, ht, tsc, tscinvbit, bmi1, bmi2, fma

Memory: 4k page, system-wide physical 3999M (141M free)
TotalPageFile size 6344M (AvailPageFile size 57M)
current process WorkingSet (physical memory assigned to process): 9M, peak: 9M
current process commit charge ("private bytes"): 51M, peak: 115M

vm_info: Java HotSpot(TM) 64-Bit Server VM (11.0.11+9-LTS-194) for windows-amd64 JRE (11.0.11+9-LTS-194), built on Mar 18 2021 18:46:53 by "mach5one" with MS VC++ 15.9 (VS2017)

END.
